12:22:55.708: - INFO:                           Options
12:22:55.708: - INFO:                           env: source
12:22:55.708: - INFO:                           random_obstacles: 0
12:22:55.708: - INFO:                           width: 10
12:22:55.708: - INFO:                           height: 10
12:22:55.708: - INFO:                           render: 0
12:22:55.709: - INFO:                           game_type: trigger_non_markov
12:22:55.709: - INFO:                           mode: both
12:22:55.709: - INFO:                           disable_cuda: False
12:22:55.709: - INFO:                           seed: 123
12:22:55.709: - INFO:                           max_episode_length: 1000
12:22:55.709: - INFO:                           history_length: 1
12:22:55.709: - INFO:                           hidden_size: 64
12:22:55.709: - INFO:                           EPS_START: 1.0
12:22:55.709: - INFO:                           EPS_END: 0.01
12:22:55.709: - INFO:                           EPS_DECAY: 250000
12:22:55.709: - INFO:                           TARGET_UPDATE: 2000
12:22:55.709: - INFO:                           memory_size: 10000000
12:22:55.709: - INFO:                           batch_size: 256
12:22:55.709: - INFO:                           num_episodes: 100
12:22:55.710: - INFO:                           num_trials: 100
12:22:55.710: - INFO:                           action_space: 4
12:22:55.710: - INFO:                           lr: 0.00025
12:22:55.710: - INFO:                           gamma: 1.0
12:22:55.710: - INFO:                           total_steps: 250000
12:22:55.710: - INFO:                           burning: 2000
12:22:55.710: - INFO:                           no_switches: False
12:22:55.710: - INFO: cuda available False device count 0
12:22:55.710: - INFO: Running on cpu
12:22:55.710: - INFO: Switch Positions [[7, 1], [3, 2]], Prize positions [[8, 6], [5, 5]]
12:22:56.207: - INFO: Reward 1 Prize count 2
12:22:56.210: - INFO: Won the game: count 206 steps_done 206 rewards 2.00 eps_threshold 1.00
12:22:56.212: - INFO: Switches 2, Prize counts 0
12:22:56.503: - INFO: Reward 1 Prize count 2
12:22:56.506: - INFO: Won the game: count 123 steps_done 329 rewards 2.00 eps_threshold 1.00
12:22:56.507: - INFO: Switches 2, Prize counts 0
12:22:57.030: - INFO: Reward 1 Prize count 2
12:22:57.032: - INFO: Won the game: count 224 steps_done 553 rewards 2.00 eps_threshold 1.00
12:22:57.034: - INFO: Switches 2, Prize counts 0
12:22:57.648: - INFO: Reward 1 Prize count 2
12:22:57.651: - INFO: Won the game: count 262 steps_done 815 rewards -4.00 eps_threshold 1.00
12:22:57.653: - INFO: Switches 2, Prize counts 0
12:22:58.479: - INFO: Reward 1 Prize count 2
12:22:58.481: - INFO: Won the game: count 352 steps_done 1167 rewards 0.00 eps_threshold 1.00
12:22:58.482: - INFO: Switches 2, Prize counts 0
12:22:58.840: - INFO: Reward 1 Prize count 2
12:22:58.843: - INFO: Won the game: count 154 steps_done 1321 rewards 2.00 eps_threshold 1.00
12:22:58.844: - INFO: Switches 2, Prize counts 0
12:22:59.812: - INFO: Reward 1 Prize count 2
12:22:59.815: - INFO: Won the game: count 411 steps_done 1732 rewards -1.00 eps_threshold 1.00
12:22:59.816: - INFO: Switches 2, Prize counts 0
12:23:00.260: - INFO: Reward 1 Prize count 2
12:23:00.262: - INFO: Won the game: count 188 steps_done 1920 rewards 2.00 eps_threshold 1.00
12:23:00.265: - INFO: Switches 2, Prize counts 0
12:23:09.148: - INFO: Reward 1 Prize count 2
12:23:09.279: - INFO: Won the game: count 149 steps_done 2069 rewards 2.00 eps_threshold 1.00
12:23:09.281: - INFO: Switches 2, Prize counts 0
